[INFO ] 2021-11-14 20:14:20.847 [restartedMain] ProjectTrackerApplication - Starting ProjectTrackerApplication using Java 1.8.0_301 on QCHKQME with PID 14292 (C:\Users\erick\Documents\GitHub\Eric\ProjectTracker\ProjectTracker-Springboot-React\target\classes started by erick in C:\Users\erick\Documents\GitHub\Eric\ProjectTracker\ProjectTracker-Springboot-React)
[DEBUG] 2021-11-14 20:14:20.849 [restartedMain] ProjectTrackerApplication - Running with Spring Boot v2.5.6, Spring v5.3.12
[INFO ] 2021-11-14 20:14:20.849 [restartedMain] ProjectTrackerApplication - No active profile set, falling back to default profiles: default
[INFO ] 2021-11-14 20:16:36.263 [restartedMain] ProjectTrackerApplication - Starting ProjectTrackerApplication using Java 1.8.0_301 on QCHKQME with PID 8600 (C:\Users\erick\Documents\GitHub\Eric\ProjectTracker\ProjectTracker-Springboot-React\target\classes started by erick in C:\Users\erick\Documents\GitHub\Eric\ProjectTracker\ProjectTracker-Springboot-React)
[DEBUG] 2021-11-14 20:16:36.279 [restartedMain] ProjectTrackerApplication - Running with Spring Boot v2.5.6, Spring v5.3.12
[INFO ] 2021-11-14 20:16:36.279 [restartedMain] ProjectTrackerApplication - No active profile set, falling back to default profiles: default
[INFO ] 2021-11-14 20:16:44.656 [restartedMain] ProjectTrackerApplication - Started ProjectTrackerApplication in 8.847 seconds (JVM running for 10.727)
[DEBUG] 2021-11-14 20:16:44.661 [restartedMain] Logging - Application Start up...
[INFO ] 2021-11-14 21:01:58.709 [restartedMain] ProjectTrackerApplication - Starting ProjectTrackerApplication using Java 1.8.0_301 on QCHKQME with PID 17740 (C:\Users\erick\Documents\GitHub\Eric\ProjectTracker\ProjectTracker-Springboot-React\target\classes started by erick in C:\Users\erick\Documents\GitHub\Eric\ProjectTracker\ProjectTracker-Springboot-React)
[DEBUG] 2021-11-14 21:01:58.720 [restartedMain] ProjectTrackerApplication - Running with Spring Boot v2.5.6, Spring v5.3.12
[INFO ] 2021-11-14 21:01:58.720 [restartedMain] ProjectTrackerApplication - No active profile set, falling back to default profiles: default
[INFO ] 2021-11-14 21:02:06.874 [restartedMain] ProjectTrackerApplication - Started ProjectTrackerApplication in 8.684 seconds (JVM running for 10.461)
[DEBUG] 2021-11-14 21:02:06.878 [restartedMain] Logging - Application Start up...
[INFO ] 2021-11-14 21:06:35.060 [restartedMain] ProjectTrackerApplication - Starting ProjectTrackerApplication using Java 1.8.0_301 on QCHKQME with PID 17740 (C:\Users\erick\Documents\GitHub\Eric\ProjectTracker\ProjectTracker-Springboot-React\target\classes started by erick in C:\Users\erick\Documents\GitHub\Eric\ProjectTracker\ProjectTracker-Springboot-React)
[DEBUG] 2021-11-14 21:06:35.060 [restartedMain] ProjectTrackerApplication - Running with Spring Boot v2.5.6, Spring v5.3.12
[INFO ] 2021-11-14 21:06:35.061 [restartedMain] ProjectTrackerApplication - No active profile set, falling back to default profiles: default
[INFO ] 2021-11-14 21:06:39.132 [restartedMain] ProjectTrackerApplication - Started ProjectTrackerApplication in 4.19 seconds (JVM running for 282.722)
[DEBUG] 2021-11-14 21:06:39.135 [restartedMain] Logging - Application Start up...
[INFO ] 2021-11-14 21:06:41.572 [restartedMain] ProjectTrackerApplication - Starting ProjectTrackerApplication using Java 1.8.0_301 on QCHKQME with PID 17740 (C:\Users\erick\Documents\GitHub\Eric\ProjectTracker\ProjectTracker-Springboot-React\target\classes started by erick in C:\Users\erick\Documents\GitHub\Eric\ProjectTracker\ProjectTracker-Springboot-React)
[DEBUG] 2021-11-14 21:06:41.573 [restartedMain] ProjectTrackerApplication - Running with Spring Boot v2.5.6, Spring v5.3.12
[INFO ] 2021-11-14 21:06:41.574 [restartedMain] ProjectTrackerApplication - No active profile set, falling back to default profiles: default
